<?xml version="1.0" encoding="UTF-8"?>
<!-- Generated by org.testng.reporters.JUnitReportReporter -->
<testsuite skipped="0" hostname="anjali-PC" name="testscripts.CT_Keywords" tests="1" failures="0" timestamp="18 Feb 2020 09:56:16 GMT" time="0.325" errors="0">
  <testcase name="Testapp" time="0.325" classname="testscripts.CT_Keywords"/>
</testsuite> <!-- testscripts.CT_Keywords -->
