<?xml version="1.0" encoding="UTF-8"?>
<!-- Generated by org.testng.reporters.JUnitReportReporter -->
<testsuite skipped="0" hostname="anjali-PC" name="testscripts.CT_DriverScript" tests="1" failures="0" timestamp="20 Feb 2020 07:47:26 GMT" time="65.759" errors="0">
  <testcase name="Testapp" time="65.759" classname="testscripts.CT_DriverScript"/>
</testsuite> <!-- testscripts.CT_DriverScript -->
